<?xml version="1.0" encoding="UTF-8"?>
<!-- Generated by org.testng.reporters.JUnitReportReporter -->
<testsuite hostname="DESKTOP-EIO209H" failures="0" tests="1" name="example.TestOne" time="6.283" errors="0" timestamp="11 Jul 2022 03:10:43 GMT">
  <testcase classname="example.TestOne" name="invalidLoginDetails" time="6.283"/>
</testsuite> <!-- example.TestOne -->
