<?xml version="1.0" encoding="UTF-8"?>
<!-- Generated by org.testng.reporters.JUnitReportReporter -->
<testsuite hostname="DESKTOP-EIO209H" failures="0" tests="1" name="example.Test7" time="47.847" errors="0" timestamp="12 Jul 2022 12:22:55 GMT">
  <testcase classname="example.Test7" name="updateQuantity" time="47.847"/>
</testsuite> <!-- example.Test7 -->
