<?xml version="1.0" encoding="UTF-8"?>
<!-- Generated by org.testng.reporters.JUnitReportReporter -->
<testsuite hostname="DESKTOP-EIO209H" failures="0" tests="1" name="example.Test10" time="42.775" errors="0" timestamp="12 Jul 2022 11:08:55 GMT">
  <testcase classname="example.Test10" name="invalidCreditCardDigits" time="42.775"/>
</testsuite> <!-- example.Test10 -->
