<?xml version="1.0" encoding="UTF-8"?>
<!-- Generated by org.testng.reporters.JUnitReportReporter -->
<testsuite hostname="DESKTOP-EIO209H" failures="0" tests="1" name="example.TestOne" time="5.526" errors="0" timestamp="11 Jul 2022 03:14:05 GMT">
  <testcase classname="example.TestOne" name="invalidLoginDetails" time="5.526"/>
</testsuite> <!-- example.TestOne -->
