<?xml version="1.0" encoding="UTF-8"?>
<!-- Generated by org.testng.reporters.JUnitReportReporter -->
<testsuite hostname="DESKTOP-EIO209H" failures="0" tests="1" name="example.Test1" time="7.361" errors="0" timestamp="11 Jul 2022 03:53:23 GMT">
  <testcase classname="example.Test1" name="homePage" time="7.361"/>
</testsuite> <!-- example.Test1 -->
