<?xml version="1.0" encoding="UTF-8"?>
<!-- Generated by org.testng.reporters.JUnitReportReporter -->
<testsuite hostname="DESKTOP-EIO209H" failures="0" tests="1" name="example.Test5" time="27.725" errors="0" timestamp="11 Jul 2022 04:51:40 GMT">
  <testcase classname="example.Test5" name="startShopping" time="27.725"/>
</testsuite> <!-- example.Test5 -->
