<?xml version="1.0" encoding="UTF-8"?>
<!-- Generated by org.testng.reporters.JUnitReportReporter -->
<testsuite hostname="DESKTOP-EIO209H" failures="0" tests="1" name="example.Test2" time="25.681" errors="0" timestamp="11 Jul 2022 04:30:35 GMT">
  <testcase classname="example.Test2" name="navigationPage" time="25.681"/>
</testsuite> <!-- example.Test2 -->
