<?xml version="1.0" encoding="UTF-8"?>
<!-- Generated by org.testng.reporters.JUnitReportReporter -->
<testsuite hostname="DESKTOP-EIO209H" failures="0" tests="1" name="example.Test9" time="33.177" errors="0" timestamp="12 Jul 2022 11:33:12 GMT">
  <testcase classname="example.Test9" name="blankCheckoutForm" time="33.177"/>
</testsuite> <!-- example.Test9 -->
