<?xml version="1.0" encoding="UTF-8"?>
<!-- Generated by org.testng.reporters.JUnitReportReporter -->
<testsuite hostname="DESKTOP-EIO209H" failures="0" tests="1" name="example.Test6" time="31.195" errors="0" timestamp="11 Jul 2022 04:56:30 GMT">
  <testcase classname="example.Test6" name="emptyCart" time="31.195"/>
</testsuite> <!-- example.Test6 -->
