<?xml version="1.0" encoding="UTF-8"?>
<!-- Generated by org.testng.reporters.JUnitReportReporter -->
<testsuite hostname="DESKTOP-EIO209H" failures="0" tests="1" name="example.Test8" time="42.615" errors="0" timestamp="12 Jul 2022 11:27:12 GMT">
  <testcase classname="example.Test8" name="startShopping" time="42.615"/>
</testsuite> <!-- example.Test8 -->
